------------------------------------------------
Initializing x402 Server (Dynamic Address)...
Relayer Address (Recipient): 0xC08CC32481e49C167f505EdB5717ab6212012c07
x402 Server running on http://localhost:3000
------------------------------------------------
Match Result: MATCHED
[Relayer] Verifying...
[Relayer] Settling...
[Relayer] Preparing Tx...
[Relayer] Tx Sent: 0xa4582636513b5ee7d78bd28df5345895e3544143f1caf9bf51fe4c13af18f668
[Relayer] Submission Time: 2732 ms
[Relayer] OPTIMISTIC MODE: Returning success immediately!
Match Result: MATCHED
[Relayer] Verifying...
[Relayer] Settling...
[Relayer] Preparing Tx...
[Relayer] Tx Sent: 0x9636c28727b9c0f5ccb56c9527f9ddcaf363bfc301600e01a90db59f75657d33
[Relayer] Submission Time: 2762 ms
[Relayer] OPTIMISTIC MODE: Returning success immediately!
Match Result: MATCHED
[Relayer] Verifying...
[Relayer] Settling...
[Relayer] Preparing Tx...
[Relayer] Tx Sent: 0xd8b9a86b9449c8d5200f5bbcae370e867ee88b8d77ab8bae973791a76e721a6c
[Relayer] Submission Time: 1898 ms
[Relayer] OPTIMISTIC MODE: Returning success immediately!
Match Result: MATCHED
[Relayer] Verifying...
[Relayer] Settling...
[Relayer] Preparing Tx...
[Relayer] Tx Sent: 0xc42f8b727d76069b1ae221b9877d87b654737b9db669959d2ba6712c2c74c65d
[Relayer] Submission Time: 2054 ms
[Relayer] OPTIMISTIC MODE: Returning success immediately!
Match Result: MATCHED
[Relayer] Verifying...
[Relayer] Settling...
[Relayer] Preparing Tx...
[Relayer] Tx Sent: 0x098506aa1548393e775059be31fdf8ba38875a7872fb4752c8e2790c9f96f386
[Relayer] Submission Time: 1871 ms
[Relayer] OPTIMISTIC MODE: Returning success immediately!
[Relayer] (Background) Tx Confirmed: 0xa4582636513b5ee7d78bd28df5345895e3544143f1caf9bf51fe4c13af18f668
[Relayer] (Background) Mining Time: 18241 ms
[Relayer] (Background) Tx Confirmed: 0x9636c28727b9c0f5ccb56c9527f9ddcaf363bfc301600e01a90db59f75657d33
[Relayer] (Background) Mining Time: 15448 ms
[Relayer] (Background) Tx Confirmed: 0xd8b9a86b9449c8d5200f5bbcae370e867ee88b8d77ab8bae973791a76e721a6c
[Relayer] (Background) Mining Time: 13626 ms
[Relayer] (Background) Tx Confirmed: 0x098506aa1548393e775059be31fdf8ba38875a7872fb4752c8e2790c9f96f386
[Relayer] (Background) Mining Time: 17516 ms
[Relayer] (Background) Tx Confirmed: 0xc42f8b727d76069b1ae221b9877d87b654737b9db669959d2ba6712c2c74c65d
[Relayer] (Background) Mining Time: 19524 ms
